# JRE version: OpenJDK Runtime Environment (11.0.10) (build 11.0.10+0-b96-7249189)
# Java VM: OpenJDK 64-Bit Server VM (11.0.10+0-b96-7249189, mixed mode, tiered, compressed oops, g1 gc, windows-amd64)
Heap:
 garbage-first heap   total 227328K, used 172931K [0x0000000080000000, 0x0000000100000000)
  region size 1024K, 8 young (8192K), 1 survivors (1024K)
 Metaspace       used 103192K, capacity 108280K, committed 108504K, reserved 610304K
  class space    used 13610K, capacity 15320K, committed 15360K, reserved 516096K
GC Heap History (20 events):
Event: 68.861 GC heap before
{Heap before GC invocations=51 (full 0):
 garbage-first heap   total 189440K, used 160074K [0x0000000080000000, 0x0000000100000000)
  region size 1024K, 10 young (10240K), 2 survivors (2048K)
 Metaspace       used 99838K, capacity 104729K, committed 104920K, reserved 606208K
  class space    used 13185K, capacity 14758K, committed 14848K, reserved 516096K
}
Event: 68.866 GC heap after
{Heap after GC invocations=52 (full 0):
 garbage-first heap   total 189440K, used 152666K [0x0000000080000000, 0x0000000100000000)
  region size 1024K, 1 young (1024K), 1 survivors (1024K)
 Metaspace       used 99838K, capacity 104729K, committed 104920K, reserved 606208K
  class space    used 13185K, capacity 14758K, committed 14848K, reserved 516096K
}
Event: 69.063 GC heap before
{Heap before GC invocations=52 (full 0):
 garbage-first heap   total 189440K, used 160858K [0x0000000080000000, 0x0000000100000000)
  region size 1024K, 9 young (9216K), 1 survivors (1024K)
 Metaspace       used 100468K, capacity 105313K, committed 105432K, reserved 608256K
  class space    used 13259K, capacity 14823K, committed 14848K, reserved 516096K
}
Event: 69.065 GC heap after
{Heap after GC invocations=53 (full 0):
 garbage-first heap   total 189440K, used 152833K [0x0000000080000000, 0x0000000100000000)
  region size 1024K, 1 young (1024K), 1 survivors (1024K)
 Metaspace       used 100468K, capacity 105313K, committed 105432K, reserved 608256K
  class space    used 13259K, capacity 14823K, committed 14848K, reserved 516096K
}
Event: 69.242 GC heap before
{Heap before GC invocations=53 (full 0):
 garbage-first heap   total 189440K, used 161025K [0x0000000080000000, 0x0000000100000000)
  region size 1024K, 9 young (9216K), 1 survivors (1024K)
 Metaspace       used 100884K, capacity 105761K, committed 106072K, reserved 608256K
  class space    used 13305K, capacity 14887K, committed 14976K, reserved 516096K
}
Event: 69.246 GC heap after
{Heap after GC invocations=54 (full 0):
 garbage-first heap   total 189440K, used 153287K [0x0000000080000000, 0x0000000100000000)
  region size 1024K, 2 young (2048K), 2 survivors (2048K)
 Metaspace       used 100884K, capacity 105761K, committed 106072K, reserved 608256K
  class space    used 13305K, capacity 14887K, committed 14976K, reserved 516096K
}
Event: 69.385 GC heap before
{Heap before GC invocations=54 (full 0):
 garbage-first heap   total 189440K, used 161479K [0x0000000080000000, 0x0000000100000000)
  region size 1024K, 10 young (10240K), 2 survivors (2048K)
 Metaspace       used 101210K, capacity 106139K, committed 106328K, reserved 608256K
  class space    used 13346K, capacity 14928K, committed 14976K, reserved 516096K
}
Event: 69.390 GC heap after
{Heap after GC invocations=55 (full 0):
 garbage-first heap   total 189440K, used 154329K [0x0000000080000000, 0x0000000100000000)
  region size 1024K, 2 young (2048K), 2 survivors (2048K)
 Metaspace       used 101210K, capacity 106139K, committed 106328K, reserved 608256K
  class space    used 13346K, capacity 14928K, committed 14976K, reserved 516096K
}
Event: 69.579 GC heap before
{Heap before GC invocations=56 (full 0):
 garbage-first heap   total 189440K, used 162521K [0x0000000080000000, 0x0000000100000000)
  region size 1024K, 10 young (10240K), 2 survivors (2048K)
 Metaspace       used 101765K, capacity 106717K, committed 106968K, reserved 608256K
  class space    used 13421K, capacity 15037K, committed 15104K, reserved 516096K
}
Event: 69.588 GC heap after
{Heap after GC invocations=57 (full 0):
 garbage-first heap   total 189440K, used 154770K [0x0000000080000000, 0x0000000100000000)
  region size 1024K, 2 young (2048K), 2 survivors (2048K)
 Metaspace       used 101765K, capacity 106717K, committed 106968K, reserved 608256K
  class space    used 13421K, capacity 15037K, committed 15104K, reserved 516096K
}
Event: 69.826 GC heap before
{Heap before GC invocations=57 (full 0):
 garbage-first heap   total 189440K, used 161938K [0x0000000080000000, 0x0000000100000000)
  region size 1024K, 10 young (10240K), 2 survivors (2048K)
 Metaspace       used 101864K, capacity 106841K, committed 106968K, reserved 608256K
  class space    used 13430K, capacity 15077K, committed 15104K, reserved 516096K
}
Event: 69.831 GC heap after
{Heap after GC invocations=58 (full 0):
 garbage-first heap   total 189440K, used 155429K [0x0000000080000000, 0x0000000100000000)
  region size 1024K, 2 young (2048K), 2 survivors (2048K)
 Metaspace       used 101864K, capacity 106841K, committed 106968K, reserved 608256K
  class space    used 13430K, capacity 15077K, committed 15104K, reserved 516096K
}
Event: 70.542 GC heap before
{Heap before GC invocations=58 (full 0):
 garbage-first heap   total 189440K, used 162597K [0x0000000080000000, 0x0000000100000000)
  region size 1024K, 10 young (10240K), 2 survivors (2048K)
 Metaspace       used 101878K, capacity 106853K, committed 106968K, reserved 608256K
  class space    used 13431K, capacity 15079K, committed 15104K, reserved 516096K
}
Event: 70.549 GC heap after
{Heap after GC invocations=59 (full 0):
 garbage-first heap   total 189440K, used 155942K [0x0000000080000000, 0x0000000100000000)
  region size 1024K, 2 young (2048K), 2 survivors (2048K)
 Metaspace       used 101878K, capacity 106853K, committed 106968K, reserved 608256K
  class space    used 13431K, capacity 15079K, committed 15104K, reserved 516096K
}
Event: 70.671 GC heap before
{Heap before GC invocations=60 (full 0):
 garbage-first heap   total 189440K, used 156966K [0x0000000080000000, 0x0000000100000000)
  region size 1024K, 5 young (5120K), 2 survivors (2048K)
 Metaspace       used 101885K, capacity 106859K, committed 106968K, reserved 608256K
  class space    used 13432K, capacity 15080K, committed 15104K, reserved 516096K
}
Event: 70.677 GC heap after
{Heap after GC invocations=61 (full 0):
 garbage-first heap   total 189440K, used 157608K [0x0000000080000000, 0x0000000100000000)
  region size 1024K, 2 young (2048K), 2 survivors (2048K)
 Metaspace       used 101885K, capacity 106859K, committed 106968K, reserved 608256K
  class space    used 13432K, capacity 15080K, committed 15104K, reserved 516096K
}
Event: 71.482 GC heap before
{Heap before GC invocations=62 (full 0):
 garbage-first heap   total 189440K, used 168872K [0x0000000080000000, 0x0000000100000000)
  region size 1024K, 10 young (10240K), 2 survivors (2048K)
 Metaspace       used 102023K, capacity 107049K, committed 107352K, reserved 608256K
  class space    used 13455K, capacity 15122K, committed 15232K, reserved 516096K
}
Event: 71.490 GC heap after
{Heap after GC invocations=63 (full 0):
 garbage-first heap   total 227328K, used 165554K [0x0000000080000000, 0x0000000100000000)
  region size 1024K, 2 young (2048K), 2 survivors (2048K)
 Metaspace       used 102023K, capacity 107049K, committed 107352K, reserved 608256K
  class space    used 13455K, capacity 15122K, committed 15232K, reserved 516096K
}
Event: 71.854 GC heap before
{Heap before GC invocations=63 (full 0):
 garbage-first heap   total 227328K, used 181938K [0x0000000080000000, 0x0000000100000000)
  region size 1024K, 18 young (18432K), 2 survivors (2048K)
 Metaspace       used 102833K, capacity 107895K, committed 108248K, reserved 610304K
  class space    used 13563K, capacity 15256K, committed 15360K, reserved 516096K
}
Event: 71.862 GC heap after
{Heap after GC invocations=64 (full 0):
 garbage-first heap   total 227328K, used 166787K [0x0000000080000000, 0x0000000100000000)
  region size 1024K, 1 young (1024K), 1 survivors (1024K)
 Metaspace       used 102833K, capacity 107895K, committed 108248K, reserved 610304K
  class space    used 13563K, capacity 15256K, committed 15360K, reserved 516096K
}

